<?xml version="1.0" encoding="UTF-8"?>
<!-- Generated by org.testng.reporters.JUnitReportReporter -->
<testsuite hostname="ALIYAPARVEEN" failures="0" tests="4" name="testCases.ResponseValidationsBDD" time="4.799" errors="1" timestamp="2020-10-03T13:42:55 CDT" skipped="0">
  <testcase classname="testCases.ResponseValidationsBDD" name="includeParams" time="3.767"/>
  <system-out/>
  <testcase classname="testCases.ResponseValidationsBDD" name="testMultipleContents" time="0.247"/>
  <system-out/>
  <testcase classname="testCases.ResponseValidationsBDD" name="testSpecificContent" time="0.422"/>
  <system-out/>
  <testcase classname="testCases.ResponseValidationsBDD" name="statusCodevalidation" time="0.363">
    <error message="groovy/xml/XmlParser" type="java.lang.NoClassDefFoundError">
      <![CDATA[java.lang.NoClassDefFoundError: groovy/xml/XmlParser
at java.base/java.lang.Class.getDeclaredMethods0(Native Method)
at java.base/java.lang.Class.privateGetDeclaredMethods(Class.java:3166)
at java.base/java.lang.Class.privateGetPublicMethods(Class.java:3191)
at java.base/java.lang.Class.getMethods(Class.java:1904)
at java.desktop/com.sun.beans.introspect.MethodInfo.get(MethodInfo.java:70)
at java.desktop/com.sun.beans.introspect.ClassInfo.getMethods(ClassInfo.java:71)
at java.desktop/java.beans.Introspector.getTargetMethodInfo(Introspector.java:1045)
at java.desktop/java.beans.Introspector.getBeanInfo(Introspector.java:461)
at java.desktop/java.beans.Introspector.getBeanInfo(Introspector.java:204)
at groovy.lang.MetaClassImpl$15.run(MetaClassImpl.java:3356)
at java.base/java.security.AccessController.doPrivileged(Native Method)
at groovy.lang.MetaClassImpl.addProperties(MetaClassImpl.java:3354)
at groovy.lang.MetaClassImpl.initialize(MetaClassImpl.java:3331)
at org.codehaus.groovy.reflection.ClassInfo.getMetaClassUnderLock(ClassInfo.java:287)
at org.codehaus.groovy.reflection.ClassInfo.getMetaClass(ClassInfo.java:329)
at org.codehaus.groovy.runtime.metaclass.MetaClassRegistryImpl.getMetaClass(MetaClassRegistryImpl.java:271)
at org.codehaus.groovy.runtime.InvokerHelper.getMetaClass(InvokerHelper.java:969)
at org.codehaus.groovy.runtime.callsite.CallSiteArray.createCallStaticSite(CallSiteArray.java:74)
at org.codehaus.groovy.runtime.callsite.CallSiteArray.createCallSite(CallSiteArray.java:161)
at org.codehaus.groovy.runtime.callsite.CallSiteArray.defaultCall(CallSiteArray.java:47)
at org.codehaus.groovy.runtime.callsite.AbstractCallSite.call(AbstractCallSite.java:115)
at org.codehaus.groovy.runtime.callsite.AbstractCallSite.call(AbstractCallSite.java:135)
at io.restassured.internal.support.Prettifier.prettify(Prettifier.groovy:65)
at io.restassured.internal.support.Prettifier$prettify.callCurrent(Unknown Source)
at io.restassured.internal.support.Prettifier.getPrettifiedBodyIfPossible(Prettifier.groovy:51)
at io.restassured.internal.print.ResponsePrinter.print(ResponsePrinter.java:63)
at io.restassured.internal.ValidatableResponseOptionsImpl.logResponse(ValidatableResponseOptionsImpl.java:400)
at io.restassured.internal.ValidatableResponseOptionsImpl.logResponse(ValidatableResponseOptionsImpl.java:396)
at io.restassured.internal.ValidatableResponseOptionsImpl.logResponse(ValidatableResponseOptionsImpl.java:392)
at io.restassured.internal.ValidatableResponseOptionsImpl.all(ValidatableResponseOptionsImpl.java:348)
at io.restassured.internal.ValidatableResponseImpl.super$2$all(ValidatableResponseImpl.groovy)
at java.base/jdk.internal.reflect.NativeMethodAccessorImpl.invoke0(Native Method)
at java.base/jdk.internal.reflect.NativeMethodAccessorImpl.invoke(NativeMethodAccessorImpl.java:62)
at java.base/jdk.internal.reflect.DelegatingMethodAccessorImpl.invoke(DelegatingMethodAccessorImpl.java:43)
at java.base/java.lang.reflect.Method.invoke(Method.java:566)
at org.codehaus.groovy.reflection.CachedMethod.invoke(CachedMethod.java:101)
at groovy.lang.MetaMethod.doMethodInvoke(MetaMethod.java:323)
at groovy.lang.MetaClassImpl.invokeMethod(MetaClassImpl.java:1217)
at org.codehaus.groovy.runtime.ScriptBytecodeAdapter.invokeMethodOnSuperN(ScriptBytecodeAdapter.java:144)
at org.codehaus.groovy.runtime.ScriptBytecodeAdapter.invokeMethodOnSuper0(ScriptBytecodeAdapter.java:164)
at io.restassured.internal.ValidatableResponseImpl.all(ValidatableResponseImpl.groovy:100)
at io.restassured.internal.ValidatableResponseImpl.all(ValidatableResponseImpl.groovy)
at testCases.ResponseValidationsBDD.statusCodevalidation(ResponseValidationsBDD.java:28)
at java.base/jdk.internal.reflect.NativeMethodAccessorImpl.invoke0(Native Method)
at java.base/jdk.internal.reflect.NativeMethodAccessorImpl.invoke(NativeMethodAccessorImpl.java:62)
at java.base/jdk.internal.reflect.DelegatingMethodAccessorImpl.invoke(DelegatingMethodAccessorImpl.java:43)
at java.base/java.lang.reflect.Method.invoke(Method.java:566)
at org.testng.internal.MethodInvocationHelper.invokeMethod(MethodInvocationHelper.java:134)
at org.testng.internal.TestInvoker.invokeMethod(TestInvoker.java:597)
at org.testng.internal.TestInvoker.invokeTestMethod(TestInvoker.java:173)
at org.testng.internal.MethodRunner.runInSequence(MethodRunner.java:46)
at org.testng.internal.TestInvoker$MethodInvocationAgent.invoke(TestInvoker.java:816)
at org.testng.internal.TestInvoker.invokeTestMethods(TestInvoker.java:146)
at org.testng.internal.TestMethodWorker.invokeTestMethods(TestMethodWorker.java:146)
at org.testng.internal.TestMethodWorker.run(TestMethodWorker.java:128)
at java.base/java.util.ArrayList.forEach(ArrayList.java:1541)
at org.testng.TestRunner.privateRun(TestRunner.java:766)
at org.testng.TestRunner.run(TestRunner.java:587)
at org.testng.SuiteRunner.runTest(SuiteRunner.java:384)
at org.testng.SuiteRunner.runSequentially(SuiteRunner.java:378)
at org.testng.SuiteRunner.privateRun(SuiteRunner.java:337)
at org.testng.SuiteRunner.run(SuiteRunner.java:286)
at org.testng.SuiteRunnerWorker.runSuite(SuiteRunnerWorker.java:53)
at org.testng.SuiteRunnerWorker.run(SuiteRunnerWorker.java:96)
at org.testng.TestNG.runSuitesSequentially(TestNG.java:1187)
at org.testng.TestNG.runSuitesLocally(TestNG.java:1109)
at org.testng.TestNG.runSuites(TestNG.java:1039)
at org.testng.TestNG.run(TestNG.java:1007)
at org.testng.remote.AbstractRemoteTestNG.run(AbstractRemoteTestNG.java:115)
at org.testng.remote.RemoteTestNG.initAndRun(RemoteTestNG.java:251)
at org.testng.remote.RemoteTestNG.main(RemoteTestNG.java:77)
Caused by: java.lang.ClassNotFoundException: groovy.xml.XmlParser
at java.base/jdk.internal.loader.BuiltinClassLoader.loadClass(BuiltinClassLoader.java:581)
at java.base/jdk.internal.loader.ClassLoaders$AppClassLoader.loadClass(ClassLoaders.java:178)
at java.base/java.lang.ClassLoader.loadClass(ClassLoader.java:521)
... 71 more
]]>
    </error>
  </testcase> <!-- statusCodevalidation -->
  <system-out/>
</testsuite> <!-- testCases.ResponseValidationsBDD -->
